Sun 05:53: PROGRESS: MaxCompiler version: 2015.1.1 (simulation only)
Sun 05:53: PROGRESS: Build "LinearReg" start time: Sun Jan 31 05:53:14 PST 2016
Sun 05:53: PROGRESS: Main build process running as user demo on host localhost.localdomain
Sun 05:53: INFO    : Loading build properties from bundled MaxCompiler_build.conf...
Sun 05:53: INFO    : No default external build property file has been specified.
Sun 05:53: INFO    : (Set environment variable MAXCOMPILER_DEFAULT_CONF_FILE to assign one)
Sun 05:53: INFO    : Loading user build properties from: /home/demo/.MaxCompiler_build_user.conf
Sun 05:53: INFO    : No user-specified external build property file has been specified.
Sun 05:53: INFO    : (Set environment variable MAXCOMPILER_BUILD_CONF_FILE to assign one)
Sun 05:53: INFO    : Loading additional parameters from MAXCOMPILER_BUILD_CONF environment variable
Sun 05:53: PROGRESS: Build location: /home/demo/Desktop/MaxCompiler-Builds/LinearReg_VECTIS_DFE_SIM
Sun 05:53: PROGRESS: Detailed build log available in "_build.log"
Sun 05:53: INFO    : Created build manager LinearReg (LinearReg_VECTIS_DFE_SIM Sun Jan 31 05:53:14 PST 2016). (05:53:14 31/01/16)
Sun 05:53: INFO    : Working in dir: /home/demo/Desktop/MaxCompiler-Builds/LinearReg_VECTIS_DFE_SIM
Sun 05:53: INFO    : Java class path (2 paths):
Sun 05:53: INFO    : 	/home/demo/workspace/Backup5_PREDAJA_LinearRegressionMS/EngineCode/bin
Sun 05:53: INFO    : 	/opt/maxeler/maxcompiler/lib/MaxCompiler.jar
Sun 05:53: INFO    : Java process started by 'main' method in class 'linearreg.LinearRegManager'.
Sun 05:53: INFO    : build.arbitrated_core_cache parameter is blank, not using core-cache
Sun 05:53: INFO    : Checking license files in directory: /opt/maxeler/maxcompiler/licenses
Sun 05:53: INFO    : All license signatures valid.
Sun 05:53: INFO    : Backing-up source-files (old source files in build directory will be removed first)...
Sun 05:53: INFO    : Source directories: /home/demo/workspace/Backup5_PREDAJA_LinearRegressionMS/EngineCode/src:
Sun 05:53: INFO    : Deleting directory: src
Sun 05:53: INFO    : Copying source-files took 7.54992 ms
Sun 05:53: USER    : 
Sun 05:53: USER    : ENGINE BUILD PARAMETERS
Sun 05:53: USER    : 	 Build name: LinearReg_VECTIS_DFE_SIM
Sun 05:53: USER    : 	   DFEModel: VECTIS                  
Sun 05:53: USER    : 	maxFileName: LinearReg               
Sun 05:53: USER    : 	     target: DFE_SIM                 
Sun 05:53: USER    : 	 enableMPCX: false                   
Sun 05:53: INFO    : Deleting /home/demo/Desktop/MaxCompiler-Builds/LinearReg_VECTIS_DFE_SIM/scratch/LinearRegKernel.graphs
Sun 05:53: PROGRESS: Instantiating kernel "LinearRegKernel"
Sun 05:53: WARNING : Floating-point casts ignore set rounding mode and use TONEAREVEN rounding only.
Sun 05:53: INFO    : Manager Configuration:
Sun 05:53: INFO    : 	ManagerConfiguration.allowNonMultipleTransitions = false                                                         [Init: false]
Sun 05:53: INFO    : 	ManagerConfiguration.board = MAX3424A                                                                            [Init: null, init: MAX3424A]
Sun 05:53: INFO    : 	ManagerConfiguration.build.buildEffort = HIGH                                                                    [Init: MEDIUM, change: HIGH]
Sun 05:53: INFO    : 	ManagerConfiguration.build.enableChipScopeInserter = false                                                       [Init: false]
Sun 05:53: INFO    : 	ManagerConfiguration.build.enableTimingAnalysis = true                                                           [Init: true]
Sun 05:53: INFO    : 	ManagerConfiguration.build.level = FULL_BUILD                                                                    [Init: FULL_BUILD]
Sun 05:53: INFO    : 	ManagerConfiguration.build.mpprContinueAfterMeetingTiming = false                                                [Init: false]
Sun 05:53: INFO    : 	ManagerConfiguration.build.mpprCtMax = 4                                                                         [Init: 1, change: 4]
Sun 05:53: INFO    : 	ManagerConfiguration.build.mpprCtMin = 1                                                                         [Init: 1]
Sun 05:53: INFO    : 	ManagerConfiguration.build.mpprParallelism = 1                                                                   [Init: 1]
Sun 05:53: INFO    : 	ManagerConfiguration.build.mpprRetryMissesThrshld = 0                                                            [Init: 0]
Sun 05:53: INFO    : 	ManagerConfiguration.build.optGoal = BALANCED                                                                    [Init: BALANCED]
Sun 05:53: INFO    : 	ManagerConfiguration.build.physSynthAsyncPipelining = AUTO                                                       [Init: AUTO]
Sun 05:53: INFO    : 	ManagerConfiguration.build.physSynthCombLogic = AUTO                                                             [Init: AUTO]
Sun 05:53: INFO    : 	ManagerConfiguration.build.physSynthCombLogicForArea = AUTO                                                      [Init: AUTO]
Sun 05:53: INFO    : 	ManagerConfiguration.build.physSynthEffort = AUTO                                                                [Init: AUTO]
Sun 05:53: INFO    : 	ManagerConfiguration.build.physSynthRegDuplication = AUTO                                                        [Init: AUTO]
Sun 05:53: INFO    : 	ManagerConfiguration.build.physSynthRetiming = AUTO                                                              [Init: AUTO]
Sun 05:53: INFO    : 	ManagerConfiguration.build.physicalSynthesis = false                                                             [Init: false]
Sun 05:53: INFO    : 	ManagerConfiguration.buildTarget = DFE_SIM                                                                       [Init: null, init: DFE_SIM]
Sun 05:53: INFO    : 	ManagerConfiguration.debug.chipscopeCaptureDepth = 4096                                                          [Init: 4096]
Sun 05:53: INFO    : 	ManagerConfiguration.debug.fifoUnderOverFlowRegs = false                                                         [Init: false]
Sun 05:53: INFO    : 	ManagerConfiguration.debug.memCtlDebugRegs = true                                                                [Init: true]
Sun 05:53: INFO    : 	ManagerConfiguration.debug.memCtlExtraDebugRegs = false                                                          [Init: false]
Sun 05:53: INFO    : 	ManagerConfiguration.debug.memMarginingSupport = false                                                           [Init: false]
Sun 05:53: INFO    : 	ManagerConfiguration.debug.memPhyDebugRegister = NONE                                                            [Init: NONE]
Sun 05:53: INFO    : 	ManagerConfiguration.debug.memPllLockDebugRegs = true                                                            [Init: true]
Sun 05:53: INFO    : 	ManagerConfiguration.debug.streamStatus = false                                                                  [Init: false]
Sun 05:53: INFO    : 	ManagerConfiguration.debug.streamStatusChecksums = false                                                         [Init: false]
Sun 05:53: INFO    : 	ManagerConfiguration.dram.addressGeneratorsInSlowClock = false                                                   [Init: false]
Sun 05:53: INFO    : 	ManagerConfiguration.dram.arbitrationMode = ROUND_ROBIN                                                          [Init: ROUND_ROBIN]
Sun 05:53: INFO    : 	ManagerConfiguration.dram.burstSize = 8                                                                          [Init: 8]
Sun 05:53: INFO    : 	ManagerConfiguration.dram.cmdFifoInReg = false                                                                   [Init: false]
Sun 05:53: INFO    : 	ManagerConfiguration.dram.cmdFifoLutRam = false                                                                  [Init: false]
Sun 05:53: INFO    : 	ManagerConfiguration.dram.cmdFifoRegInRam = true                                                                 [Init: true]
Sun 05:53: INFO    : 	ManagerConfiguration.dram.cmdFifoSize = 31                                                                       [Init: 31]
Sun 05:53: INFO    : 	ManagerConfiguration.dram.commandEchoModeEnabled = false                                                         [Init: false]
Sun 05:53: INFO    : 	ManagerConfiguration.dram.commandEchoModeFifoDepth = 512                                                         [Init: 512]
Sun 05:53: INFO    : 	ManagerConfiguration.dram.commandEchoModeStreamAlmostEmptyLatency = 792                                          [Init: 792]
Sun 05:53: INFO    : 	ManagerConfiguration.dram.commandEchoModeStreamAlmostEmptyLatency = 8                                            [Init: 8]
Sun 05:53: INFO    : 	ManagerConfiguration.dram.commandEchoModeStreamStallLatency = 8                                                  [Init: 8]
Sun 05:53: INFO    : 	ManagerConfiguration.dram.dataFifoDepth = 512                                                                    [Init: 512]
Sun 05:53: INFO    : 	ManagerConfiguration.dram.dataFifoLutRam = false                                                                 [Init: false]
Sun 05:53: INFO    : 	ManagerConfiguration.dram.dataFifoWidth = 792                                                                    [Init: 792]
Sun 05:53: INFO    : 	ManagerConfiguration.dram.eccMode = false                                                                        [Init: false]
Sun 05:53: INFO    : 	ManagerConfiguration.dram.fabricDataFifoReg = true                                                               [Init: true]
Sun 05:53: INFO    : 	ManagerConfiguration.dram.fabricRdDataFifoReg = false                                                            [Init: false]
Sun 05:53: INFO    : 	ManagerConfiguration.dram.flagSupport = false                                                                    [Init: false]
Sun 05:53: INFO    : 	ManagerConfiguration.dram.highPrioStream = false                                                                 [Init: false]
Sun 05:53: INFO    : 	ManagerConfiguration.dram.max2CompatMode = false                                                                 [Init: false]
Sun 05:53: INFO    : 	ManagerConfiguration.dram.max4m_GALAVA_MCP_UseRefClk = false                                                     [Init: false]
Sun 05:53: INFO    : 	ManagerConfiguration.dram.max4m_MAIA_MCP_UseRefClk = false                                                       [Init: false]
Sun 05:53: INFO    : 	ManagerConfiguration.dram.max4qrateMode = false                                                                  [Init: false]
Sun 05:53: INFO    : 	ManagerConfiguration.dram.memCmdIncSize = 8                                                                      [Init: 8]
Sun 05:53: INFO    : 	ManagerConfiguration.dram.memCmdStartAddrSize = 32                                                               [Init: 32]
Sun 05:53: INFO    : 	ManagerConfiguration.dram.onCardMemFreq = 303.0                                                                  [Init: 0.0, change: 303.0]
Sun 05:53: INFO    : 	ManagerConfiguration.dram.parEccDebugStream = false                                                              [Init: false]
Sun 05:53: INFO    : 	ManagerConfiguration.dram.parityEccWidth = 0                                                                     [Init: 0]
Sun 05:53: INFO    : 	ManagerConfiguration.dram.parityMode = false                                                                     [Init: false]
Sun 05:53: INFO    : 	ManagerConfiguration.dram.perdqsPhaseDetect = false                                                              [Init: false]
Sun 05:53: INFO    : 	ManagerConfiguration.dram.performanceMode = true                                                                 [Init: true]
Sun 05:53: INFO    : 	ManagerConfiguration.enableMPCX = false                                                                          [Init: false, init: false]
Sun 05:53: INFO    : 	ManagerConfiguration.maxring.maxringConnections = []                                                             [Init: []]
Sun 05:53: INFO    : 	ManagerConfiguration.maxring.maxringNumLanes = {MAXRING_LITE_B=1, MAXRING_LITE_A=1, MAXRING_B=2, MAXRING_A=2}    [Init: {}]
Sun 05:53: INFO    : 	ManagerConfiguration.multiCycleMappedMemoryBus = false                                                           [Init: false]
Sun 05:53: INFO    : 	ManagerConfiguration.network.qsfp0Mode = QSFP_OFF                                                                [Init: QSFP_OFF]
Sun 05:53: INFO    : 	ManagerConfiguration.network.qsfp1Mode = QSFP_OFF                                                                [Init: QSFP_OFF]
Sun 05:53: INFO    : 	ManagerConfiguration.network.qsfp2Mode = QSFP_OFF                                                                [Init: QSFP_OFF]
Sun 05:53: INFO    : 	ManagerConfiguration.network.qsfp3Mode = QSFP_OFF                                                                [Init: QSFP_OFF]
Sun 05:53: INFO    : 	ManagerConfiguration.network.qsfp4Mode = QSFP_OFF                                                                [Init: QSFP_OFF]
Sun 05:53: INFO    : 	ManagerConfiguration.network.qsfp5Mode = QSFP_OFF                                                                [Init: QSFP_OFF]
Sun 05:53: INFO    : 	ManagerConfiguration.network.qsfp6Mode = QSFP_OFF                                                                [Init: QSFP_OFF]
Sun 05:53: INFO    : 	ManagerConfiguration.network.qsfp7Mode = QSFP_OFF                                                                [Init: QSFP_OFF]
Sun 05:53: INFO    : 	ManagerConfiguration.pcie.numPCIeLanes = 0                                                                       [Init: 0]
Sun 05:53: INFO    : 	ManagerConfiguration.pcie.pcieFastClock = false                                                                  [Init: false]
Sun 05:53: INFO    : 	ManagerConfiguration.pcie.streamFromHostMaxNum = 8                                                               [Init: 0, change: 8]
Sun 05:53: INFO    : 	ManagerConfiguration.pcie.streamToHostMaxNum = 8                                                                 [Init: 0, change: 8]
Sun 05:53: INFO    : 	ManagerConfiguration.persona.boardModel = MAX3424A                                                               [Init: null, change: MAX3424A]
Sun 05:53: INFO    : 	ManagerConfiguration.persona.ddr3Enable = false                                                                  [Init: false]
Sun 05:53: INFO    : 	ManagerConfiguration.persona.ddr3Frq = 303.0                                                                     [Init: 400.0, change: 303.0]
Sun 05:53: INFO    : 	ManagerConfiguration.persona.ddr3Qmode = false                                                                   [Init: false]
Sun 05:53: INFO    : 	ManagerConfiguration.persona.disableMultiplePersona = true                                                       [Init: true]
Sun 05:53: INFO    : 	ManagerConfiguration.persona.dynamic_scaling = false                                                             [Init: false]
Sun 05:53: INFO    : 	ManagerConfiguration.persona.enableCPLDOverrideOutpus = false                                                    [Init: false]
Sun 05:53: INFO    : 	ManagerConfiguration.persona.enableJDFEPTPTestLogic = false                                                      [Init: false]
Sun 05:53: INFO    : 	ManagerConfiguration.persona.maxRingLocal = false                                                                [Init: false]
Sun 05:53: INFO    : 	ManagerConfiguration.persona.maxRingOptical = false                                                              [Init: false]
Sun 05:53: INFO    : 	ManagerConfiguration.persona.maxringDataRate = 2500.0                                                            [Init: 2500.0]
Sun 05:53: INFO    : 	ManagerConfiguration.persona.maxringOpticalDataRate = 10000.0                                                    [Init: 10000.0]
Sun 05:53: INFO    : 	ManagerConfiguration.persona.mode = InitMode                                                                     [Init: InitMode]
Sun 05:53: INFO    : 	ManagerConfiguration.persona.networkPTP = OFF                                                                    [Init: OFF]
Sun 05:53: INFO    : 	ManagerConfiguration.persona.panMaxRingA = false                                                                 [Init: false]
Sun 05:53: INFO    : 	ManagerConfiguration.persona.panMaxRingB = false                                                                 [Init: false]
Sun 05:53: INFO    : 	ManagerConfiguration.persona.personaInterfaceVersion = 1                                                         [Init: 1]
Sun 05:53: INFO    : 	ManagerConfiguration.persona.qdr2Enable = false                                                                  [Init: false]
Sun 05:53: INFO    : 	ManagerConfiguration.persona.qdr2Frq = 550.0                                                                     [Init: 550.0]
Sun 05:53: INFO    : 	ManagerConfiguration.persona.streamClks = 1                                                                      [Init: 1]
Sun 05:53: INFO    : 	ManagerConfiguration.persona.streamFrq = [100.0]                                                                 [Init: [150.0], change: [100.0]]
Sun 05:53: INFO    : 	ManagerConfiguration.persona.streamPs = [0]                                                                      [Init: [0]]
Sun 05:53: INFO    : 	ManagerConfiguration.persona.usePCIeGen1 = false                                                                 [Init: false]
Sun 05:53: INFO    : 	ManagerConfiguration.simulation.nativeFloatingPoint = false                                                      [Init: false]
Sun 05:53: INFO    : 	ManagerConfiguration.streamClockFrq = 100                                                                        [Init: 100]
Sun 05:53: INFO    : 	ManagerConfiguration.useLegacyStreamFIFOs = false                                                                [Init: false]
Sun 05:53: INFO    : 
Sun 05:53: INFO    :  -- 
Sun 05:53: PROGRESS: 
Sun 05:53: PROGRESS: Compiling kernel "LinearRegKernel"
Sun 05:53: INFO    : Configuration:
Sun 05:53: INFO    : 	KernelConfiguration.additionalInputPipelining = 64                                          [Init: 64]
Sun 05:53: INFO    : 	KernelConfiguration.allowDSPCascading = true                                                [Init: true]
Sun 05:53: INFO    : 	KernelConfiguration.allowInputsOutputsBeforeFlushNode = false                               [Init: false]
Sun 05:53: INFO    : 	KernelConfiguration.allowZeroLatencyNodeHold = false                                        [Init: false]
Sun 05:53: INFO    : 	KernelConfiguration.board = MAX3424A                                                        [Init: MAX2116B, change: MAX3424A]
Sun 05:53: INFO    : 	KernelConfiguration.bramBitsThreshold = 2080                                                [Init: 2080]
Sun 05:53: INFO    : 	KernelConfiguration.buildTarget = MAXCOMPILERSIM_HOST_DRIVEN                                [Init: NONE, change: MAXCOMPILERSIM_HOST_DRIVEN]
Sun 05:53: INFO    : 	KernelConfiguration.cePipelining = 2                                                        [Init: 2]
Sun 05:53: INFO    : 	KernelConfiguration.clockPhaseBalanceThreshold = 0.1                                        [Init: 0.1]
Sun 05:53: INFO    : 	KernelConfiguration.clockPhasingRetries = 50                                                [Init: 50]
Sun 05:53: INFO    : 	KernelConfiguration.dumpNeighboursString =                                                  [Init: ]
Sun 05:53: INFO    : 	KernelConfiguration.enableCeReplication = true                                              [Init: true]
Sun 05:53: INFO    : 	KernelConfiguration.enableClockPhasePartitioning = false                                    [Init: false]
Sun 05:53: INFO    : 	KernelConfiguration.enableDebugIOControlRegs = true                                         [Init: true]
Sun 05:53: INFO    : 	KernelConfiguration.enableDummyBuild = false                                                [Init: false]
Sun 05:53: INFO    : 	KernelConfiguration.enableKernelProfiler = false                                            [Init: false]
Sun 05:53: INFO    : 	KernelConfiguration.enablePipelinedComputeController = false                                [Init: false]
Sun 05:53: INFO    : 	KernelConfiguration.enableShadowRegister = false                                            [Init: false]
Sun 05:53: INFO    : 	KernelConfiguration.enableSmartKernelControl = false                                        [Init: false]
Sun 05:53: INFO    : 	KernelConfiguration.fifoSrlRegisterStages = 1                                               [Init: 1]
Sun 05:53: INFO    : 	KernelConfiguration.flushOnInputDataCongtiguous = false                                     [Init: false]
Sun 05:53: INFO    : 	KernelConfiguration.hardwareDebugDepth = 512                                                [Init: 512]
Sun 05:53: INFO    : 	KernelConfiguration.hwHierarchyMode = UNSET                                                 [Init: UNSET]
Sun 05:53: INFO    : 	KernelConfiguration.latencyAnnotation = false                                               [Init: false]
Sun 05:53: INFO    : 	KernelConfiguration.latencyAnnotationIOs =                                                  [Init: null]
Sun 05:53: INFO    : 	KernelConfiguration.maxCoalescedFifoWidth = 2147483647                                      [Init: 2147483647]
Sun 05:53: INFO    : 	KernelConfiguration.maxPreAdderFanOut = 1                                                   [Init: 1]
Sun 05:53: INFO    : 	KernelConfiguration.netlistMode = false                                                     [Init: false]
Sun 05:53: INFO    : 	KernelConfiguration.numPhotonStateMachines = 1                                              [Init: 1]
Sun 05:53: INFO    : 	KernelConfiguration.optimizations.ceCounterRegisterDuplication = 1                          [Init: 1]
Sun 05:53: INFO    : 	KernelConfiguration.optimizations.conditionalArithmetic = false                             [Init: true, Init after BuildTarget change: false]
Sun 05:53: INFO    : 	KernelConfiguration.optimizations.counterChainWrapPipelining = 0                            [Init: 0]
Sun 05:53: INFO    : 	KernelConfiguration.optimizations.dspAddChain = OPTIMISE_IGNORE_PREADDER                    [Init: null, Init after BuildTarget change: OPTIMISE_IGNORE_PREADDER]
Sun 05:53: INFO    : 	KernelConfiguration.optimizations.enableActiveFanoutReduction = false                       [Init: false]
Sun 05:53: INFO    : 	KernelConfiguration.optimizations.enableBUFGCE = false                                      [Init: false]
Sun 05:53: INFO    : 	KernelConfiguration.optimizations.enableBetterInputRegistering = false                      [Init: false]
Sun 05:53: INFO    : 	KernelConfiguration.optimizations.enableBetterRegistering = false                           [Init: false]
Sun 05:53: INFO    : 	KernelConfiguration.optimizations.enableFIFOCoalescingAcrossPlacementConstraints = false    [Init: false]
Sun 05:53: INFO    : 	KernelConfiguration.optimizations.enableFifoCoalescing = true                               [Init: true]
Sun 05:53: INFO    : 	KernelConfiguration.optimizations.enableFullPrecisionBinaryOpConstants = false              [Init: false]
Sun 05:53: INFO    : 	KernelConfiguration.optimizations.enableIntegratedRounding = false                          [Init: false]
Sun 05:53: INFO    : 	KernelConfiguration.optimizations.enableMappedMemoryHostReadBack = true                     [Init: true]
Sun 05:53: INFO    : 	KernelConfiguration.optimizations.enableMultiCycleReset = false                             [Init: false]
Sun 05:53: INFO    : 	KernelConfiguration.optimizations.enablePowerTwoFloatMult = true                            [Init: true]
Sun 05:53: INFO    : 	KernelConfiguration.optimizations.enableRedundantNodeDeletion = true                        [Init: true]
Sun 05:53: INFO    : 	KernelConfiguration.optimizations.enableStateMachineRegisterMerging = true                  [Init: true]
Sun 05:53: INFO    : 	KernelConfiguration.optimizations.inputFlushDistanceFactor = 0                              [Init: 0]
Sun 05:53: INFO    : 	KernelConfiguration.optimizations.minimumStaticFIFOSplitDepth = 1                           [Init: 1]
Sun 05:53: INFO    : 	KernelConfiguration.optimizations.optimizationTechnique = DEFAULT                           [Init: DEFAULT]
Sun 05:53: INFO    : 	KernelConfiguration.optimizations.triAdd = false                                            [Init: true, Init after BuildTarget change: false]
Sun 05:53: INFO    : 	KernelConfiguration.partialReconfBlockName =                                                [Init: ]
Sun 05:53: INFO    : 	KernelConfiguration.partialReconfMode = false                                               [Init: false]
Sun 05:53: INFO    : 	KernelConfiguration.partialReconfTemplate = false                                           [Init: false]
Sun 05:53: INFO    : 	KernelConfiguration.replicateNodeCeLog2NumPartitions = 0                                    [Init: 0]
Sun 05:53: INFO    : 	KernelConfiguration.romBRAMBitsThreshold = 2080                                             [Init: 2080]
Sun 05:53: INFO    : 	KernelConfiguration.simulation.ramAddressCollisionBehaviour = EXCEPTION                     [Init: EXCEPTION]
Sun 05:53: INFO    : 	KernelConfiguration.simulation.ramOutOfBoundsAccessBehaviour = EXCEPTION                    [Init: EXCEPTION]
Sun 05:53: INFO    : 	KernelConfiguration.simulation.simProgressMessageFrequency = 0                              [Init: 0]
Sun 05:53: INFO    : 
Sun 05:53: INFO    :  -- 
Sun 05:53: INFO    : Writing current graph to: LinearReg-LinearRegKernel-original.pxg
Sun 05:53: INFO    : Running kernel graph-pass 'GeneratePXG'.
Sun 05:53: INFO    : Graph-pass 'GeneratePXG' took 181.194 ms (1 iterations)
Sun 05:53: INFO    : Running kernel graph-pass 'MarkConstantPass'.
Sun 05:53: INFO    : Graph-pass 'MarkConstantPass' took 2.12351 ms (1 iterations)
Sun 05:53: INFO    : Running kernel graph-pass 'ReachabilityPass'.
Sun 05:53: INFO    : Graph-pass 'ReachabilityPass' took 6.38235 ms (1 iterations)
Sun 05:53: INFO    : Running kernel graph-pass 'FindInputsLeadingToFlush'.
Sun 05:53: INFO    : Graph-pass 'FindInputsLeadingToFlush' took 125.889 µs (1 iterations)
Sun 05:53: INFO    : Running kernel graph-pass 'CheckForStatefulToFlushViolations'.
Sun 05:53: INFO    : Graph-pass 'CheckForStatefulToFlushViolations' took 260.478 µs (1 iterations)
Sun 05:53: INFO    : Running kernel graph-pass 'CheckForInputToFlushViolations'.
Sun 05:53: INFO    : Graph-pass 'CheckForInputToFlushViolations' took 732.535 µs (1 iterations)
Sun 05:53: INFO    : Deleting directory: neighbours
Sun 05:53: INFO    : Running Photon pre-schedule graph optimisations
Sun 05:53: INFO    : Running kernel graph-pass 'AlignOrEradicatePrintfs'.
Sun 05:53: INFO    : Graph-pass 'AlignOrEradicatePrintfs' took 180.366 µs (1 iterations)
Sun 05:53: INFO    : Running kernel graph-pass 'FoldConstantsPass'.
Sun 05:53: INFO    : Graph-pass 'FoldConstantsPass' took 14.6347 ms (1 iterations)
Sun 05:53: INFO    : Running kernel graph-pass 'OptimiseNodesPass'.
Sun 05:53: INFO    : Graph-pass 'OptimiseNodesPass' took 480.024 µs (1 iterations)
Sun 05:53: INFO    : Running kernel graph-pass 'DeleteRedundantNodes'.
Sun 05:53: INFO    : Graph-pass 'DeleteRedundantNodes' took 7.78453 ms (2 iterations)
Sun 05:53: INFO    : Running kernel graph-pass 'DSPMultiplyAddExtractionPass'.
Sun 05:53: INFO    : Optimized 0 sub-graphs into DSP multiply/add chains (Virtex5 mode).
Sun 05:53: INFO    : Graph-pass 'DSPMultiplyAddExtractionPass' took 13.5773 ms (1 iterations)
Sun 05:53: INFO    : Running kernel graph-pass 'PO2FPMultOptimiser'.
Sun 05:53: INFO    : Graph-pass 'PO2FPMultOptimiser' took 252.623 µs (1 iterations)
Sun 05:53: INFO    : Running Photon simulation preparation
Sun 05:53: INFO    : Running kernel graph-pass 'PrepareSimulationPass'.
Sun 05:53: INFO    : Graph-pass 'PrepareSimulationPass' took 177.875 µs (1 iterations)
Sun 05:53: INFO    : Logging Photon stats to: LinearRegKernel_photon_stats.csv
Sun 05:53: INFO    : Deleting /home/demo/Desktop/MaxCompiler-Builds/LinearReg_VECTIS_DFE_SIM/scratch/LinearRegKernel_photon_stats.csv
Sun 05:53: INFO    : Running kernel graph-pass 'StatsPass'.
Sun 05:53: INFO    : Graph-pass 'StatsPass' took 1.79823 ms (1 iterations)
Sun 05:53: INFO    : Running kernel graph-pass 'CollectNumericExceptions'.
Sun 05:53: INFO    : Graph-pass 'CollectNumericExceptions' took 168.485 µs (1 iterations)
Sun 05:53: INFO    : Running kernel graph-pass 'StreamOffsetDivExpand'.
Sun 05:53: INFO    : Graph-pass 'StreamOffsetDivExpand' took 135.519 µs (1 iterations)
Sun 05:53: INFO    : Running kernel graph-pass 'FindIllegalLoops'.
Sun 05:53: INFO    : Graph-pass 'FindIllegalLoops' took 1.58611 ms (1 iterations)
Sun 05:53: INFO    : Running kernel graph-pass 'MarkConstantPass'.
Sun 05:53: INFO    : Graph-pass 'MarkConstantPass' took 248.213 µs (1 iterations)
Sun 05:53: INFO    : Running kernel graph-pass 'ScheduleVariables'.
Sun 05:53: INFO    : Graph-pass 'ScheduleVariables' took 2.66722 ms (1 iterations)
Sun 05:53: INFO    : Running kernel graph-pass 'SubstituteEqPlaceholders'.
Sun 05:53: INFO    : Graph-pass 'SubstituteEqPlaceholders' took 14.9839 ms (1 iterations)
Sun 05:53: INFO    : Running kernel graph-pass 'ScheduleApplier'.
Sun 05:53: INFO    : Graph-pass 'ScheduleApplier' took 2.67282 ms (1 iterations)
Sun 05:53: INFO    : Running kernel graph-pass 'MarkConstantPass'.
Sun 05:53: INFO    : Graph-pass 'MarkConstantPass' took 209.292 µs (1 iterations)
Sun 05:53: INFO    : Running kernel graph-pass 'ScheduleDumper'.
Sun 05:53: INFO    : Graph-pass 'ScheduleDumper' took 2.27843 ms (1 iterations)
Sun 05:53: INFO    : Running Photon post-schedule graph optimisations (pass 1)
Sun 05:53: INFO    : Running kernel graph-pass 'TapFIFOsPass'.
Sun 05:53: INFO    : Graph-pass 'TapFIFOsPass' took 892.798 µs (1 iterations)
Sun 05:53: INFO    : Running kernel graph-pass 'FoldFIFOsPass'.
Sun 05:53: INFO    : Graph-pass 'FoldFIFOsPass' took 307.763 µs (1 iterations)
Sun 05:53: INFO    : Running kernel graph-pass 'MarkConstantPass'.
Sun 05:53: INFO    : Graph-pass 'MarkConstantPass' took 303.658 µs (1 iterations)
Sun 05:53: INFO    : Running kernel graph-pass 'ValidateFIFOs'.
Sun 05:53: INFO    : Graph-pass 'ValidateFIFOs' took 111.808 µs (1 iterations)
Sun 05:53: INFO    : Running kernel graph-pass 'MarkConstantPass'.
Sun 05:53: INFO    : Graph-pass 'MarkConstantPass' took 200.750 µs (1 iterations)
Sun 05:53: INFO    : Running kernel graph-pass 'ScheduleDumper'.
Sun 05:53: INFO    : Graph-pass 'ScheduleDumper' took 2.10919 ms (1 iterations)
Sun 05:53: INFO    : Running kernel graph-pass 'MarkConstantPass'.
Sun 05:53: INFO    : Graph-pass 'MarkConstantPass' took 174.361 µs (1 iterations)
Sun 05:53: INFO    : Running kernel graph-pass 'ScheduleConstants'.
Sun 05:53: INFO    : Running command: "/opt/maxeler/maxcompiler/bin/cbc" "LinearRegKernel_schedule_C.mps.gz" -threads 4 -solve  -printi csv -solu "LinearRegKernel_schedule_C.csv" > "LinearRegKernel_schedule_C.stdout.log"
Sun 05:53: INFO    : Checking for file hash changes...
Sun 05:53: INFO    : No changes.
Sun 05:53: INFO    : Optimum found: 18425
Sun 05:53: INFO    : Graph-pass 'ScheduleConstants' took 49.6177 ms (1 iterations)
Sun 05:53: INFO    : Running kernel graph-pass 'MarkConstantPass'.
Sun 05:53: INFO    : Graph-pass 'MarkConstantPass' took 241.243 µs (1 iterations)
Sun 05:53: INFO    : Running kernel graph-pass 'ScheduleDumper'.
Sun 05:53: INFO    : Graph-pass 'ScheduleDumper' took 1.45888 ms (1 iterations)
Sun 05:53: INFO    : Running kernel graph-pass 'SubstituteEqPlaceholders'.
Sun 05:53: INFO    : OffsetAutoLoop sizes:
Sun 05:53: INFO    :   loopLength = 13
Sun 05:53: INFO    : Graph-pass 'SubstituteEqPlaceholders' took 7.15539 ms (1 iterations)
Sun 05:53: INFO    : Running kernel graph-pass 'RemoveDistMeasurementNodes'.
Sun 05:53: INFO    : Graph-pass 'RemoveDistMeasurementNodes' took 13.2390 µs (1 iterations)
Sun 05:53: INFO    : Running kernel graph-pass 'ScheduleApplier'.
Sun 05:53: INFO    : Graph-pass 'ScheduleApplier' took 13.7915 ms (1 iterations)
Sun 05:53: INFO    : Maximum stream latency for kernel 'LinearRegKernel': 199
Sun 05:53: INFO    : Using user logic for flush.
Sun 05:53: INFO    : Running Photon post-schedule graph optimisations (pass 2)
Sun 05:53: INFO    : Running kernel graph-pass 'TapFIFOsPass'.
Sun 05:53: INFO    : Graph-pass 'TapFIFOsPass' took 5.95680 ms (2 iterations)
Sun 05:53: INFO    : Running kernel graph-pass 'FoldFIFOsPass'.
Sun 05:53: INFO    : Graph-pass 'FoldFIFOsPass' took 532.143 µs (1 iterations)
Sun 05:53: INFO    : Running kernel graph-pass 'MarkConstantPass'.
Sun 05:53: INFO    : Graph-pass 'MarkConstantPass' took 220.785 µs (1 iterations)
Sun 05:53: INFO    : Running kernel graph-pass 'ScheduleAsserter'.
Sun 05:53: INFO    : Graph-pass 'ScheduleAsserter' took 1.24509 ms (1 iterations)
Sun 05:53: INFO    : Running kernel graph-pass 'ReplaceEvalStreamOffsetNodes'.
Sun 05:53: INFO    : Graph-pass 'ReplaceEvalStreamOffsetNodes' took 4.17906 ms (1 iterations)
Sun 05:53: INFO    : Running kernel graph-pass 'FIFOReport'.
Sun 05:53: INFO    : Graph-pass 'FIFOReport' took 1.73563 ms (1 iterations)
Sun 05:53: INFO    : Running kernel graph-pass 'StatsPass'.
Sun 05:53: INFO    : Graph-pass 'StatsPass' took 1.04431 ms (1 iterations)
Sun 05:53: INFO    : Running kernel graph-pass 'RemoveUntypedConstants'.
Sun 05:53: INFO    : Graph-pass 'RemoveUntypedConstants' took 9.95589 ms (1 iterations)
Sun 05:53: INFO    : Running kernel graph-pass 'VariableSizeMappedRegInserter'.
Sun 05:53: INFO    : Graph-pass 'VariableSizeMappedRegInserter' took 163.663 µs (1 iterations)
Sun 05:53: INFO    : Running kernel graph-pass 'MarkConstantPass'.
Sun 05:53: INFO    : Graph-pass 'MarkConstantPass' took 229.104 µs (1 iterations)
Sun 05:53: INFO    : Running kernel graph-pass 'MakeMaxFileNodeData'.
Sun 05:53: INFO    : Graph-pass 'MakeMaxFileNodeData' took 5.04275 ms (1 iterations)
Sun 05:53: INFO    : Running kernel graph-pass 'MoveFanoutRegsForwards'.
Sun 05:53: INFO    : Graph-pass 'MoveFanoutRegsForwards' took 173.906 µs (1 iterations)
Sun 05:53: INFO    : Optimization report for Kernel 'LinearRegKernel'.
Sun 05:53: INFO    : Enabled optimizations:
Sun 05:53: INFO    : 	DSP-Multiplication
Sun 05:53: INFO    : 	Power-of-2 Floating Point
Sun 05:53: INFO    : Creating a preliminary MaxCompilerDesignData.dat. (@ CoreCompile LinearRegKernel)
Sun 05:53: INFO    : Deleting /home/demo/Desktop/MaxCompiler-Builds/LinearReg_VECTIS_DFE_SIM/scratch/MaxCompilerDesignData.dat
Sun 05:53: INFO    : Total compilation of 'LinearRegKernel' took 489.234 ms.
Sun 05:53: INFO    : Running kernel graph-pass 'MarkConstantPass'.
Sun 05:53: INFO    : Graph-pass 'MarkConstantPass' took 259.994 µs (1 iterations)
Sun 05:53: INFO    : Running kernel graph-pass 'MaxConstantLatency'.
Sun 05:53: INFO    : Graph-pass 'MaxConstantLatency' took 595.701 µs (1 iterations)
Sun 05:53: INFO    : Running kernel graph-pass 'SimCodeGraphPass'.
Sun 05:53: INFO    : Graph-pass 'SimCodeGraphPass' took 97.1567 ms (1 iterations)
Sun 05:53: INFO    : Writing current graph to: LinearReg-LinearRegKernel-final-simulation.pxg
Sun 05:53: INFO    : Running kernel graph-pass 'GeneratePXG'.
Sun 05:53: INFO    : Graph-pass 'GeneratePXG' took 87.3905 ms (1 iterations)
Sun 05:53: INFO    : Deleting /home/demo/Desktop/MaxCompiler-Builds/LinearReg_VECTIS_DFE_SIM/scratch/Manager_LinearReg.graphs
Sun 05:53: INFO    : Running manager compiler graph-pass: GenerateMXGInfo
Sun 05:53: INFO    : Running manager compiler graph-pass: ScheduleStallLatency
Sun 05:53: INFO    : Running manager compiler graph-pass: ClockWidthAssignment
Sun 05:53: INFO    : Running manager compiler graph-pass: InsertDualAspectLogic
Sun 05:53: INFO    : Running manager compiler graph-pass: ClockWidthAssignment
Sun 05:53: INFO    : Running manager compiler graph-pass: InsertPullPushAdapter
Sun 05:53: INFO    : Running manager compiler graph-pass: ClockWidthAssignment
Sun 05:53: INFO    : Running manager compiler graph-pass: InsertStreamFifos
Sun 05:53: INFO    : Running manager compiler graph-pass: ClockWidthAssignment
Sun 05:53: INFO    : Running manager compiler graph-pass: InsertStreamStatus
Sun 05:53: INFO    : Running manager compiler graph-pass: InsertChipscope
Sun 05:53: INFO    : Inserted 0 chipscope manager nodes.
Sun 05:53: INFO    : Running manager compiler graph-pass: ClockWidthAssignment
Sun 05:53: INFO    : Running manager compiler graph-pass: ReportClockAssignments
Sun 05:53: INFO    : Running manager compiler graph-pass: BuildSoftwareSim
Sun 05:53: INFO    : Mapped register report:
Sun 05:53: INFO    : 	0	dataPoints	4bytes
Sun 05:53: INFO    : 	4	io_x1_force_disabled	1bytes
Sun 05:53: INFO    : 	5	io_x2_force_disabled	1bytes
Sun 05:53: INFO    : 	6	io_y_force_disabled	1bytes
Sun 05:53: INFO    : 	7	io_a_force_disabled	1bytes
Sun 05:53: INFO    : 	8	io_b1_force_disabled	1bytes
Sun 05:53: INFO    : 	9	io_b2_force_disabled	1bytes
Sun 05:53: INFO    : 	a	run_cycle_count	6bytes
Sun 05:53: INFO    : 	10	current_run_cycle_count	6bytes
Sun 05:53: INFO    : 	16	dbg_ctld_almost_empty	1bytes
Sun 05:53: INFO    : 	17	dbg_ctld_done	1bytes
Sun 05:53: INFO    : 	18	dbg_ctld_empty	1bytes
Sun 05:53: INFO    : 	19	dbg_ctld_read	1bytes
Sun 05:53: INFO    : 	1a	dbg_ctld_read_pipe_dbg	2bytes
Sun 05:53: INFO    : 	1c	dbg_ctld_request	1bytes
Sun 05:53: INFO    : 	1d	dbg_done_out	1bytes
Sun 05:53: INFO    : 	1e	dbg_fill_level	1bytes
Sun 05:53: INFO    : 	1f	dbg_flush_level	1bytes
Sun 05:53: INFO    : 	20	dbg_flush_start	1bytes
Sun 05:53: INFO    : 	21	dbg_flush_start_level	1bytes
Sun 05:53: INFO    : 	22	dbg_flushing	1bytes
Sun 05:53: INFO    : 	23	dbg_full_level	1bytes
Sun 05:53: INFO    : 	24	dbg_out_stall	1bytes
Sun 05:53: INFO    : 	25	dbg_out_valid	1bytes
Sun 05:53: INFO    : 	26	dbg_stall_vector	1bytes
Sun 05:53: INFO    : 	27	ifpga_ctrl	1bytes
Sun 05:53: INFO    : 	28	SFA_FORWARD_EN	4bytes
Sun 05:53: INFO    : Mapped register chain length = 44
Sun 05:53: INFO    : Mapped register efficiency = 0.69 (242 / 352 bits)
Sun 05:53: INFO    : Mapped memory report:
Sun 05:53: INFO    : 	No mapped memories in this design.
Sun 05:53: INFO    : Running manager compiler graph-pass: GenerateMXGInfo
Sun 05:53: INFO    : Running manager compiler graph-pass: GenerateSlicHostCode
Sun 05:53: INFO    : Generating SLIC interface information
Sun 05:53: INFO    : Generating SLIC code for interface 'default'
Sun 05:53: INFO    : Skipping blacklisted scalar parameter 'LinearRegKernel.current_run_cycle_count'
Sun 05:53: INFO    : Interface 'default' depends on parameter 'dataPoints'
Sun 05:53: INFO    : Interface 'default' depends on parameter 'LinearRegKernel_loopLength'
Sun 05:53: INFO    : Generating XML description for Maxfile
Sun 05:53: INFO    : Generating XML description for mode 'default'
Sun 05:53: INFO    : Skipping blacklisted scalar parameter 'LinearRegKernel.current_run_cycle_count'
Sun 05:53: INFO    : Interface 'default' depends on parameter 'dataPoints'
Sun 05:53: INFO    : Interface 'default' depends on parameter 'LinearRegKernel_loopLength'
Sun 05:53: INFO    : Adding SLIC sections to the maxfile
Sun 05:53: INFO    : Adding user files to the maxfile
Sun 05:53: INFO    : Generating SLIC include file
Sun 05:53: INFO    : Done generating SLIC interface information
Sun 05:53: PROGRESS: Running back-end simulation build (3 phases)
Sun 05:53: PROGRESS: (1/3) - Prepare MaxFile Data (GenerateMaxFileDataFile)
Sun 05:53: INFO    : Build pass 'GenerateMaxFileDataFile' took 8.37709 ms.
Sun 05:53: PROGRESS: (2/3) - Compile Simulation Modules (SimCompilePass)
Sun 05:53: INFO    : Running command: make -j1
Sun 05:53: INFO    : Checking for file hash changes...
Sun 05:53: INFO    : Hash changed for file: '../../MaxCompilerDesignData.dat'
Sun 05:53: INFO    : /opt/maxeler/maxcompiler/lib/clang/bin/start.sh clang++ -c -fPIC -B/opt/maxeler/maxcompiler/lib/gcc -fbracket-depth=1024 -D_GLIBCXX__PTHREADS -D__USE_XOPEN2K8 -O3  -I. -I/opt/maxeler/maxcompiler/lib/boost/include -I/opt/maxeler/maxcompiler/lib/maxeleros-sim/include -I/opt/maxeler/maxcompiler/lib/lwip_sim -I/opt/maxeler/maxcompiler/lib/lwip_sim/include -I/opt/maxeler/maxcompiler/lib/lwip_sim/include/arch -I/opt/maxeler/maxcompiler/lib/lwip_sim/include/ipv4  -DHAVE_KERNELS -DMAXFILE_INC="../../MaxCompilerDesignData.dat" -g0  -DSLIC_NO_DECLARATIONS   -O0 -DOPTIMIZATION_LEVEL=0 -x c++-header \
Sun 05:53: INFO    : 		-o stdsimheader.h.gch/O0_stdsimheader.h.gch stdsimheader.h
Sun 05:53: INFO    : /opt/maxeler/maxcompiler/lib/clang/bin/start.sh clang++ -c -fPIC -B/opt/maxeler/maxcompiler/lib/gcc -fbracket-depth=1024 -D_GLIBCXX__PTHREADS -D__USE_XOPEN2K8 -O3  -I. -I/opt/maxeler/maxcompiler/lib/boost/include -I/opt/maxeler/maxcompiler/lib/maxeleros-sim/include -I/opt/maxeler/maxcompiler/lib/lwip_sim -I/opt/maxeler/maxcompiler/lib/lwip_sim/include -I/opt/maxeler/maxcompiler/lib/lwip_sim/include/arch -I/opt/maxeler/maxcompiler/lib/lwip_sim/include/ipv4  -DHAVE_KERNELS -DMAXFILE_INC="../../MaxCompilerDesignData.dat" -g0  -DSLIC_NO_DECLARATIONS   -fno-implicit-templates -O2 -DOPTIMIZATION_LEVEL=2 -x c++-header \
Sun 05:53: INFO    : 		-o stdsimheader.h.gch/NoTplInst_O2_stdsimheader.h.gch stdsimheader.h
Sun 05:53: INFO    : make LinearReg.so
Sun 05:53: INFO    : make[1]: Entering directory `/home/demo/Desktop/MaxCompiler-Builds/LinearReg_VECTIS_DFE_SIM/scratch/software-sim/build'
Sun 05:53: INFO    : /opt/maxeler/maxcompiler/lib/clang/bin/start.sh clang++ -c -fPIC -B/opt/maxeler/maxcompiler/lib/gcc -fbracket-depth=1024 -D_GLIBCXX__PTHREADS -D__USE_XOPEN2K8 -O3  -I. -I/opt/maxeler/maxcompiler/lib/boost/include -I/opt/maxeler/maxcompiler/lib/maxeleros-sim/include -I/opt/maxeler/maxcompiler/lib/lwip_sim -I/opt/maxeler/maxcompiler/lib/lwip_sim/include -I/opt/maxeler/maxcompiler/lib/lwip_sim/include/arch -I/opt/maxeler/maxcompiler/lib/lwip_sim/include/ipv4  -DHAVE_KERNELS -DMAXFILE_INC="../../MaxCompilerDesignData.dat" -g0  -DSLIC_NO_DECLARATIONS   -include-pch stdsimheader.h.gch -O0 -DOPTIMIZATION_LEVEL=0 -o objdir/max_msi.O0.o max_msi.cpp
Sun 05:53: INFO    : In file included from max_msi.cpp:19:
Sun 05:53: INFO    : /home/demo/Desktop/MaxCompiler-Builds/LinearReg_VECTIS_DFE_SIM/scratch/software-sim/build/MaxFile.h:4:9: warning: '_QUOTE' macro redefined [-Wmacro-redefined]
Sun 05:53: INFO    : #define _QUOTE(what) #what
Sun 05:53: INFO    :         ^
Sun 05:53: INFO    : /opt/maxeler/maxcompiler/lib/maxeleros-sim/include/maxrt_error.h:87:9: note: previous definition is here
Sun 05:53: INFO    : #define _QUOTE(x) #x
Sun 05:53: INFO    :         ^
Sun 05:53: INFO    : 1 warning generated.
Sun 05:53: INFO    : /opt/maxeler/maxcompiler/lib/clang/bin/start.sh clang++ -fPIC -B/opt/maxeler/maxcompiler/lib/gcc -fbracket-depth=1024 -D_GLIBCXX__PTHREADS -D__USE_XOPEN2K8 -O3  -I. -I/opt/maxeler/maxcompiler/lib/boost/include -I/opt/maxeler/maxcompiler/lib/maxeleros-sim/include -I/opt/maxeler/maxcompiler/lib/lwip_sim -I/opt/maxeler/maxcompiler/lib/lwip_sim/include -I/opt/maxeler/maxcompiler/lib/lwip_sim/include/arch -I/opt/maxeler/maxcompiler/lib/lwip_sim/include/ipv4  -DHAVE_KERNELS -DMAXFILE_INC="../../MaxCompilerDesignData.dat" -g0  -DSLIC_NO_DECLARATIONS   -MM -MP -MT objdir/max_msi.O0.o \
Sun 05:53: INFO    : 		max_msi.cpp > objdir/max_msi.O0.d
Sun 05:53: INFO    : /opt/maxeler/maxcompiler/lib/clang/bin/start.sh clang++ -fPIC -shared -B/opt/maxeler/maxcompiler/lib/gcc -L/opt/maxeler/maxcompiler/lib/boost/lib -lboost_thread -lboost_system -lboost_filesystem -lrt -pthread -O2 -s  -o LinearReg.so objdir/LinearRegKernel_exec0.NoTplInst.O2.o objdir/LinearRegKernel.O0.o objdir/LinearRegKernel_Templates.O2.o objdir/max_msi.O0.o StructToGroupDummy.o Mux.o DualAspectMux.o Demux.o Fanout.o CapRegs.o IFPGARegs.o ChecksumMem.o PCIe.o KernelManagerBlockSync.o DualAspectReg.o PullPushAdapter.o FilePullSource.o max_shared_fifo.o SharedFIFO.o Fifos.o FilePushSink.o SimTerminator.o Watch.o StreamStatus.o RunLengthExpander.o ManagerBlock.o MappedElements.o ManagerSync.o PullSync.o PushSync.o DynamicVarUInt.o SimException.o DebugStreams.o AddressGenerator.o MemoryControllerPro.o MemoryControllerRAM.o MemoryControllerCommand.o MemoryControllerStreams.o MemoryControllerConfig.o TCP.o Ethernet.o Timestamp.o /opt/maxeler/maxcompiler/lib/lwip_sim/lib/liblwip.a
Sun 05:53: INFO    : make[1]: Leaving directory `/home/demo/Desktop/MaxCompiler-Builds/LinearReg_VECTIS_DFE_SIM/scratch/software-sim/build'
Sun 05:53: INFO    : Build pass 'SimCompilePass' took 6.06645 s.
Sun 05:53: PROGRESS: (3/3) - Generate MaxFile (AddSimObjectToMaxFilePass)
Sun 05:53: INFO    : Build pass 'AddSimObjectToMaxFilePass' took 683.418 ms.
Sun 05:53: INFO    : Final result files after build: 
Sun 05:53: INFO    : Running command: ln -sf "../scratch/LinearReg-LinearRegKernel-original.pxg"
Sun 05:53: INFO    : LinearReg-LinearRegKernel-original.pxg (BuildFilePXG)
Sun 05:53: INFO    : Running command: ln -sf "../scratch/LinearRegKernel_Configuration.txt"
Sun 05:53: INFO    : LinearRegKernel_Configuration.txt (BuildFile)
Sun 05:53: INFO    : Running command: ln -sf "../scratch/LinearRegKernel_NodeDiary.txt"
Sun 05:53: INFO    : LinearRegKernel_NodeDiary.txt (BuildFile)
Sun 05:53: INFO    : Running command: ln -sf "../scratch/LinearReg-LinearRegKernel-final-simulation.pxg"
Sun 05:53: INFO    : LinearReg-LinearRegKernel-final-simulation.pxg (BuildFilePXG)
Sun 05:53: INFO    : Running command: ln -sf "../scratch/LinearReg.xml"
Sun 05:53: INFO    : LinearReg.xml (BuildFile)
Sun 05:53: INFO    : Running command: ln -sf "../scratch/LinearReg.h"
Sun 05:53: INFO    : LinearReg.h (BuildFileSlicH)
Sun 05:53: INFO    : Running command: ln -sf "../scratch/LinearReg.max"
Sun 05:53: INFO    : LinearReg.max (BuildFileMaxFile)
Sun 05:53: INFO    : Result files will be copied to '/home/demo/workspace/Backup5_PREDAJA_LinearRegressionMS/RunRules/Simulation/maxfiles'
Sun 05:53: INFO    : Result 'LinearReg-LinearRegKernel-original.pxg' is identical to '/home/demo/workspace/Backup5_PREDAJA_LinearRegressionMS/RunRules/Simulation/maxfiles/LinearReg-LinearRegKernel-original.pxg': not overwriting.
Sun 05:53: INFO    : Result 'LinearReg-LinearRegKernel-final-simulation.pxg' is identical to '/home/demo/workspace/Backup5_PREDAJA_LinearRegressionMS/RunRules/Simulation/maxfiles/LinearReg-LinearRegKernel-final-simulation.pxg': not overwriting.
Sun 05:53: INFO    : Result 'LinearReg.h' is identical to '/home/demo/workspace/Backup5_PREDAJA_LinearRegressionMS/RunRules/Simulation/maxfiles/LinearReg.h': not overwriting.
Sun 05:53: INFO    : Result 'LinearReg.max' is identical to '/home/demo/workspace/Backup5_PREDAJA_LinearRegressionMS/RunRules/Simulation/maxfiles/LinearReg.max': not overwriting.
Sun 05:53: PROGRESS: MaxFile: /home/demo/Desktop/MaxCompiler-Builds/LinearReg_VECTIS_DFE_SIM/results/LinearReg.max (MD5Sum: 84e0cf43b262bb211b66a196b4d06f64)
Sun 05:53: INFO    : Waiting for any outstanding jobs to finish... 
Sun 05:53: PROGRESS: Build completed: Sun Jan 31 05:53:22 PST 2016 (took 8 secs)
